Sat Dec  7 16:38:03 2024
: List Directory - Failed
Sat Dec  7 16:38:17 2024
: List Directory - Success
Sat Dec  7 17:33:09 2024
: Create File - Success
Sat Dec  7 17:33:44 2024
: List Directory - Failed
Sat Dec  7 17:34:04 2024
: List Directory - Failed
Sat Dec  7 17:34:18 2024
: List Directory - Failed
Sat Dec  7 17:34:45 2024
: List Directory - Failed
Sat Dec  7 17:35:55 2024
: List Directory - Success
Sat Dec  7 17:36:41 2024
: Copy File - Success
Sat Dec  7 17:37:37 2024
: Copy File - Failed
Sat Dec  7 17:40:35 2024
: Copy File - Success
Sat Dec  7 17:41:06 2024
: Copy File - Failed
Sat Dec  7 17:42:49 2024
: Copy File - Failed
Sat Dec  7 17:46:11 2024
: Copy File - Success
Sat Dec  7 17:47:01 2024
: Delete File - Success
Sat Dec  7 17:48:44 2024
: Change Permissions - Success
Sat Dec  7 17:50:14 2024
: Move File - Success
Sat Dec  7 17:51:59 2024
: Display File - Success
Sat Dec  7 17:52:56 2024
: Search File - Failed
Sat Dec  7 17:53:28 2024
: Search File - Failed
Sat Dec  7 17:53:59 2024
: Display File - Success
Sat Dec  7 17:54:57 2024
: Search File - Success
